0 info it worked if it ends with ok
1 verbose cli [ '/usr/bin/nodejs', '/usr/bin/npm', 'start' ]
2 info using npm@3.5.2
3 info using node@v4.2.6
4 verbose run-script [ 'prestart', 'start', 'poststart' ]
5 info lifecycle hsweb-ui-miniui@1.0.0~prestart: hsweb-ui-miniui@1.0.0
6 silly lifecycle hsweb-ui-miniui@1.0.0~prestart: no script for prestart, continuing
7 info lifecycle hsweb-ui-miniui@1.0.0~start: hsweb-ui-miniui@1.0.0
8 verbose lifecycle hsweb-ui-miniui@1.0.0~start: unsafe-perm in lifecycle true
9 verbose lifecycle hsweb-ui-miniui@1.0.0~start: PATH: /usr/share/npm/bin/node-gyp-bin:/home/zhouhao/WebstormProjects/hsweb-ui-miniui/node_modules/.bin:/home/zhouhao/lib/apache-maven-3.3.9/bin:/home/zhouhao/lib/jdk1.8.0_77/bin:/home/zhouhao/lib/apache-maven-3.3.9/bin:/home/zhouhao/lib/jdk1.8.0_77/bin:/usr/local/sbin:/usr/local/bin:/usr/sbin:/usr/bin:/sbin:/bin:/usr/games:/usr/local/games
10 verbose lifecycle hsweb-ui-miniui@1.0.0~start: CWD: /home/zhouhao/WebstormProjects/hsweb-ui-miniui
11 silly lifecycle hsweb-ui-miniui@1.0.0~start: Args: [ '-c', 'webpack-dev-server --host 192.168.0.32' ]
12 silly lifecycle hsweb-ui-miniui@1.0.0~start: Returned: code: 1  signal: null
13 info lifecycle hsweb-ui-miniui@1.0.0~start: Failed to exec start script
14 verbose stack Error: hsweb-ui-miniui@1.0.0 start: `webpack-dev-server --host 192.168.0.32`
14 verbose stack Exit status 1
14 verbose stack     at EventEmitter.<anonymous> (/usr/share/npm/lib/utils/lifecycle.js:232:16)
14 verbose stack     at emitTwo (events.js:87:13)
14 verbose stack     at EventEmitter.emit (events.js:172:7)
14 verbose stack     at ChildProcess.<anonymous> (/usr/share/npm/lib/utils/spawn.js:24:14)
14 verbose stack     at emitTwo (events.js:87:13)
14 verbose stack     at ChildProcess.emit (events.js:172:7)
14 verbose stack     at maybeClose (internal/child_process.js:821:16)
14 verbose stack     at Process.ChildProcess._handle.onexit (internal/child_process.js:211:5)
15 verbose pkgid hsweb-ui-miniui@1.0.0
16 verbose cwd /home/zhouhao/WebstormProjects/hsweb-ui-miniui
17 error Linux 4.4.0-47-generic
18 error argv "/usr/bin/nodejs" "/usr/bin/npm" "start"
19 error node v4.2.6
20 error npm  v3.5.2
21 error code ELIFECYCLE
22 error hsweb-ui-miniui@1.0.0 start: `webpack-dev-server --host 192.168.0.32`
22 error Exit status 1
23 error Failed at the hsweb-ui-miniui@1.0.0 start script 'webpack-dev-server --host 192.168.0.32'.
23 error Make sure you have the latest version of node.js and npm installed.
23 error If you do, this is most likely a problem with the hsweb-ui-miniui package,
23 error not with npm itself.
23 error Tell the author that this fails on your system:
23 error     webpack-dev-server --host 192.168.0.32
23 error You can get information on how to open an issue for this project with:
23 error     npm bugs hsweb-ui-miniui
23 error Or if that isn't available, you can get their info via:
23 error     npm owner ls hsweb-ui-miniui
23 error There is likely additional logging output above.
24 verbose exit [ 1, true ]
